0 info it worked if it ends with ok
1 verbose cli [ '/root/.nvm/v0.10.33/bin/node',
1 verbose cli   '/root/.nvm/v0.10.33/bin/npm',
1 verbose cli   'start' ]
2 info using npm@1.4.28
3 info using node@v0.10.33
4 verbose run-script [ 'prestart', 'start', 'poststart' ]
5 info prestart koh@0.0.0
6 info start koh@0.0.0
7 verbose unsafe-perm in lifecycle true
8 info koh@0.0.0 Failed to exec start script
9 error koh@0.0.0 start: `node ./bin/server.js`
9 error Exit status 8
10 error Failed at the koh@0.0.0 start script.
10 error This is most likely a problem with the koh package,
10 error not with npm itself.
10 error Tell the author that this fails on your system:
10 error     node ./bin/server.js
10 error You can get their info via:
10 error     npm owner ls koh
10 error There is likely additional logging output above.
11 error System Linux 3.2.0-57-generic
12 error command "/root/.nvm/v0.10.33/bin/node" "/root/.nvm/v0.10.33/bin/npm" "start"
13 error cwd /var/www/kohapi
14 error node -v v0.10.33
15 error npm -v 1.4.28
16 error code ELIFECYCLE
17 verbose exit [ 1, true ]
